{
  "stats": {
    "suites": 1,
    "tests": 2,
    "passes": 2,
    "pending": 0,
    "failures": 0,
    "start": "2025-12-17T16:28:54.637Z",
    "end": "2025-12-17T16:28:55.004Z",
    "duration": 367,
    "testsRegistered": 2,
    "passPercent": 100,
    "pendingPercent": 0,
    "other": 0,
    "hasOther": false,
    "skipped": 0,
    "hasSkipped": false
  },
  "results": [
    {
      "uuid": "07a07500-5649-4e3a-954f-99faf9fdf891",
      "title": "",
      "fullFile": "/Users/natalia/projects_2025/api-test-weather/test/weather.test.js",
      "file": "/test/weather.test.js",
      "beforeHooks": [],
      "afterHooks": [],
      "tests": [],
      "suites": [
        {
          "uuid": "3d4cf6ee-e412-4ee2-a9d4-694ed34e12fe",
          "title": "Weather API tests",
          "fullFile": "/Users/natalia/projects_2025/api-test-weather/test/weather.test.js",
          "file": "/test/weather.test.js",
          "beforeHooks": [],
          "afterHooks": [],
          "tests": [
            {
              "title": "Current weather in the city",
              "fullTitle": "Weather API tests Current weather in the city",
              "timedOut": false,
              "duration": 150,
              "state": "passed",
              "speed": "slow",
              "pass": true,
              "fail": false,
              "pending": false,
              "context": null,
              "code": "const result = await api.get(\"/current.json\", { q: \"Istanbul\" });\nexpect(result.status).to.equal(200);\nexpect(result.data).to.have.property(\"location\");\nexpect(result.data).to.have.property(\"current\");\nexpect(result.data.location.country).to.equal(\"Turkey\");\nexpect(result.data.location.tz_id).to.equal(\"Europe/Istanbul\");\nexpect(result.data.location).to.include.all.keys([\n  \"name\",\n  \"region\",\n  \"country\",\n  \"lat\",\n  \"lon\",\n  \"tz_id\",\n  \"localtime\"\n]);\nexpect(result.data.current).to.include.keys([\n  \"last_updated_epoch\",\n  \"last_updated\",\n  \"temp_c\",\n  \"temp_f\",\n  \"is_day\",\n  \"feelslike_c\",\n  \"feelslike_f\",\n  \"humidity\",\n]);",
              "err": {},
              "uuid": "474bedb6-e1d3-41c4-8aaa-7485f7879469",
              "parentUUID": "3d4cf6ee-e412-4ee2-a9d4-694ed34e12fe",
              "isHook": false,
              "skipped": false
            },
            {
              "title": "q param is required",
              "fullTitle": "Weather API tests q param is required",
              "timedOut": false,
              "duration": 214,
              "state": "passed",
              "speed": "slow",
              "pass": true,
              "fail": false,
              "pending": false,
              "context": null,
              "code": "return api.get(\"/current.json\")\n  .then(() => {\n    throw new Error(\"Error! q param is required\");})\n  .catch(emptyError => {\n    expect(emptyError.response.status).to.equal(400);\n    expect(emptyError.response.data).to.have.property(\"error\");\n    expect(emptyError.response.data.error.code).to.equal(1003);\n  });",
              "err": {},
              "uuid": "6477eea5-4a7e-4260-b607-1e2de7bb2d8e",
              "parentUUID": "3d4cf6ee-e412-4ee2-a9d4-694ed34e12fe",
              "isHook": false,
              "skipped": false
            }
          ],
          "suites": [],
          "passes": [
            "474bedb6-e1d3-41c4-8aaa-7485f7879469",
            "6477eea5-4a7e-4260-b607-1e2de7bb2d8e"
          ],
          "failures": [],
          "pending": [],
          "skipped": [],
          "duration": 364,
          "root": false,
          "rootEmpty": false,
          "_timeout": 2000
        }
      ],
      "passes": [],
      "failures": [],
      "pending": [],
      "skipped": [],
      "duration": 0,
      "root": true,
      "rootEmpty": true,
      "_timeout": 2000
    }
  ],
  "meta": {
    "mocha": {
      "version": "11.7.5"
    },
    "mochawesome": {
      "options": {
        "quiet": false,
        "reportFilename": "mochawesome",
        "saveHtml": true,
        "saveJson": true,
        "consoleReporter": "spec",
        "useInlineDiffs": false,
        "code": true
      },
      "version": "7.1.4"
    },
    "marge": {
      "options": null,
      "version": "6.3.2"
    }
  }
}