{
  "stats": {
    "suites": 2,
    "tests": 11,
    "passes": 11,
    "pending": 0,
    "failures": 0,
    "start": "2026-01-16T06:10:57.453Z",
    "end": "2026-01-16T06:10:59.961Z",
    "duration": 2508,
    "testsRegistered": 11,
    "passPercent": 100,
    "pendingPercent": 0,
    "other": 0,
    "hasOther": false,
    "skipped": 0,
    "hasSkipped": false
  },
  "results": [
    {
      "uuid": "af38bc92-e4a2-41fc-9669-9c357124fc44",
      "title": "",
      "fullFile": "",
      "file": "",
      "beforeHooks": [],
      "afterHooks": [],
      "tests": [],
      "suites": [
        {
          "uuid": "718c5952-4c17-4033-8282-dbe81405c297",
          "title": "Positive Weather API tests",
          "fullFile": "/Users/natalia/projects_2025/api-test-weather/test/weather.test.js",
          "file": "/test/weather.test.js",
          "beforeHooks": [],
          "afterHooks": [],
          "tests": [
            {
              "title": "Current weather in the city and expected fields",
              "fullTitle": "Positive Weather API tests Current weather in the city and expected fields",
              "timedOut": false,
              "duration": 309,
              "state": "passed",
              "speed": "slow",
              "pass": true,
              "fail": false,
              "pending": false,
              "context": null,
              "code": "const result = await api.get(\"/current.json\", { q: \"Istanbul\" });\nexpect(result.status).to.equal(200);\nexpect(result.data).to.have.property(\"location\");\nexpect(result.data).to.have.property(\"current\");\nexpect(result.data.location.country).to.equal(\"Turkey\");\nexpect(result.data.location.tz_id).to.equal(\"Europe/Istanbul\");\nexpect(result.data.location).to.include.all.keys(locationKeys);\nexpect(result.data.current).to.include.keys(currentKeys);",
              "err": {},
              "uuid": "48dbedf3-a484-4c75-99fd-d7271a9a47fa",
              "parentUUID": "718c5952-4c17-4033-8282-dbe81405c297",
              "isHook": false,
              "skipped": false
            },
            {
              "title": "US Zipcode as a q param",
              "fullTitle": "Positive Weather API tests US Zipcode as a q param",
              "timedOut": false,
              "duration": 207,
              "state": "passed",
              "speed": "slow",
              "pass": true,
              "fail": false,
              "pending": false,
              "context": null,
              "code": "const result = await api.get(\"/current.json\", { q: \"10001\" });\nexpect(result.status).to.equal(200);\nexpect(result.data).to.have.property(\"location\");\nexpect(result.data).to.have.property(\"current\");\nexpect(result.data.location.country).to.equal(\"USA\");\nexpect(result.data.location.tz_id).to.equal(\"America/New_York\");\nexpect(result.data.location.name).to.equal(\"New York\");\nexpect(result.data.location.region).to.equal(\"New York\");",
              "err": {},
              "uuid": "3dc7559f-d51e-4653-af66-ef4dd0823540",
              "parentUUID": "718c5952-4c17-4033-8282-dbe81405c297",
              "isHook": false,
              "skipped": false
            },
            {
              "title": "UK Postcode as a q param",
              "fullTitle": "Positive Weather API tests UK Postcode as a q param",
              "timedOut": false,
              "duration": 198,
              "state": "passed",
              "speed": "slow",
              "pass": true,
              "fail": false,
              "pending": false,
              "context": null,
              "code": "const result = await api.get(\"/current.json\", { q: \"M1\" });\nexpect(result.status).to.equal(200);\nexpect(result.data).to.have.property(\"location\");\nexpect(result.data).to.have.property(\"current\");\nexpect(result.data.location.country).to.equal(\"UK\");\nexpect(result.data.location.tz_id).to.equal(\"Europe/London\");\nexpect(result.data.location.name).to.equal(\"Manchester\");\nexpect(result.data.location.region).to.equal(\"Lancashire\");",
              "err": {},
              "uuid": "92950359-0a44-4674-8fe8-315dce3f5cd0",
              "parentUUID": "718c5952-4c17-4033-8282-dbe81405c297",
              "isHook": false,
              "skipped": false
            },
            {
              "title": "Canada Postalcode as a q param",
              "fullTitle": "Positive Weather API tests Canada Postalcode as a q param",
              "timedOut": false,
              "duration": 344,
              "state": "passed",
              "speed": "slow",
              "pass": true,
              "fail": false,
              "pending": false,
              "context": null,
              "code": "const result = await api.get(\"/current.json\", { q: \"H0H 0H0\" });\nexpect(result.status).to.equal(200);\nexpect(result.data.location.name).to.equal(\"Reserved (Santa Claus)\");\nexpect(result.data.location.country).to.equal(\"Canada\");\nexpect(result.data.location.tz_id).to.equal(\"Arctic/Longyearbyen\");\nexpect(result.data.location.region).to.equal(\"\");\nexpect(result.data).to.have.property(\"location\");\nexpect(result.data).to.have.property(\"current\");",
              "err": {},
              "uuid": "bcb7676b-4cf9-4424-9e2c-a734d61cc41b",
              "parentUUID": "718c5952-4c17-4033-8282-dbe81405c297",
              "isHook": false,
              "skipped": false
            },
            {
              "title": "Latitude/Longitude as a q param",
              "fullTitle": "Positive Weather API tests Latitude/Longitude as a q param",
              "timedOut": false,
              "duration": 206,
              "state": "passed",
              "speed": "slow",
              "pass": true,
              "fail": false,
              "pending": false,
              "context": null,
              "code": "const result = await api.get(\"/current.json\", { q: \"52.517,13.4\" });\nexpect(result.status).to.equal(200);\nexpect(result.data.location.name).to.equal(\"Berlin\");\nexpect(result.data.location.country).to.equal(\"Germany\");\nexpect(result.data.location.tz_id).to.equal(\"Europe/Berlin\");\nexpect(result.data.location.region).to.equal(\"Berlin\");\nexpect(result.data).to.have.property(\"location\");\nexpect(result.data).to.have.property(\"current\");",
              "err": {},
              "uuid": "dabd6066-553c-4a37-a5f5-13877382d472",
              "parentUUID": "718c5952-4c17-4033-8282-dbe81405c297",
              "isHook": false,
              "skipped": false
            }
          ],
          "suites": [],
          "passes": [
            "48dbedf3-a484-4c75-99fd-d7271a9a47fa",
            "3dc7559f-d51e-4653-af66-ef4dd0823540",
            "92950359-0a44-4674-8fe8-315dce3f5cd0",
            "bcb7676b-4cf9-4424-9e2c-a734d61cc41b",
            "dabd6066-553c-4a37-a5f5-13877382d472"
          ],
          "failures": [],
          "pending": [],
          "skipped": [],
          "duration": 1264,
          "root": false,
          "rootEmpty": false,
          "_timeout": 2000
        },
        {
          "uuid": "371f705f-0ef1-4f91-9b57-b26736527279",
          "title": "Negative Weather API tests",
          "fullFile": "/Users/natalia/projects_2025/api-test-weather/test/weather.test.js",
          "file": "/test/weather.test.js",
          "beforeHooks": [],
          "afterHooks": [],
          "tests": [
            {
              "title": "Param q is required",
              "fullTitle": "Negative Weather API tests Param q is required",
              "timedOut": false,
              "duration": 201,
              "state": "passed",
              "speed": "slow",
              "pass": true,
              "fail": false,
              "pending": false,
              "context": null,
              "code": "try {\n  await api.get(\"/current.json\");\n  throw new Error(errorMessages.emptyParamQ);\n} catch (error) {\n  expect(error.response.status).to.equal(400);\n  expect(error.response.data).to.have.property(\"error\");\n  expect(error.response.data.error.code).to.equal(1003)\n}",
              "err": {},
              "uuid": "10d59a31-5518-4fe6-970e-cf8a27c5e6fd",
              "parentUUID": "371f705f-0ef1-4f91-9b57-b26736527279",
              "isHook": false,
              "skipped": false
            },
            {
              "title": "Param null is incorrect",
              "fullTitle": "Negative Weather API tests Param null is incorrect",
              "timedOut": false,
              "duration": 200,
              "state": "passed",
              "speed": "slow",
              "pass": true,
              "fail": false,
              "pending": false,
              "context": null,
              "code": "try {\n  await api.get(\"/current.json\", {q: null});\n  throw new Error(errorMessages.nullParamQ);\n} catch(error) {\n  expect(error.response.status).to.equal(400);\n  expect(error.response.data).to.have.property(\"error\");\n  expect(error.response.data.error.code).to.equal(1003);\n}",
              "err": {},
              "uuid": "44477757-45be-4790-afa8-75e5cf2389f3",
              "parentUUID": "371f705f-0ef1-4f91-9b57-b26736527279",
              "isHook": false,
              "skipped": false
            },
            {
              "title": "Param undefined is incorrect",
              "fullTitle": "Negative Weather API tests Param undefined is incorrect",
              "timedOut": false,
              "duration": 208,
              "state": "passed",
              "speed": "slow",
              "pass": true,
              "fail": false,
              "pending": false,
              "context": null,
              "code": "try{\n  await api.get(\"/current.json\", { q: undefined });\n  throw new Error(errorMessages.undefinedParamQ);\n} catch(error) {\n    expect(error.response.status).to.equal(400);\n    expect(error.response.data).to.have.property(\"error\");\n    expect(error.response.data.error.code).to.equal(1003);\n}",
              "err": {},
              "uuid": "d196d53f-9d48-4e35-a6b6-ebbbf63c2f84",
              "parentUUID": "371f705f-0ef1-4f91-9b57-b26736527279",
              "isHook": false,
              "skipped": false
            },
            {
              "title": "Blank string is incorrect param",
              "fullTitle": "Negative Weather API tests Blank string is incorrect param",
              "timedOut": false,
              "duration": 200,
              "state": "passed",
              "speed": "slow",
              "pass": true,
              "fail": false,
              "pending": false,
              "context": null,
              "code": "try{\n  await api.get(\"/current.json\", {q: \"\"});\n  throw new Error(errorMessages.blankParamQ)\n} catch(error){\n  expect(error.response.status).to.equal(400);\n  expect(error.response.data).to.have.property(\"error\");\n  expect(error.response.data.error.code).to.equal(1003);\n}",
              "err": {},
              "uuid": "ca39eaf0-3261-4856-93ee-2f268779a82f",
              "parentUUID": "371f705f-0ef1-4f91-9b57-b26736527279",
              "isHook": false,
              "skipped": false
            },
            {
              "title": "Сharacters are incorrect params",
              "fullTitle": "Negative Weather API tests Сharacters are incorrect params",
              "timedOut": false,
              "duration": 218,
              "state": "passed",
              "speed": "slow",
              "pass": true,
              "fail": false,
              "pending": false,
              "context": null,
              "code": "try{\n  await api.get(\"/current.json\", {q: \"` ~ @ #\"});\n  throw new Error(errorMessages.invalidCharsQ)\n} catch(error) {\n    expect(error.response.status).to.equal(400);\n    expect(error.response.data).to.have.property(\"error\");\n    expect(error.response.data.error.code).to.equal(1006);\n}",
              "err": {},
              "uuid": "50799c1a-9a6b-41f3-8851-0626507ee670",
              "parentUUID": "371f705f-0ef1-4f91-9b57-b26736527279",
              "isHook": false,
              "skipped": false
            },
            {
              "title": "Random text is incorrect param",
              "fullTitle": "Negative Weather API tests Random text is incorrect param",
              "timedOut": false,
              "duration": 207,
              "state": "passed",
              "speed": "slow",
              "pass": true,
              "fail": false,
              "pending": false,
              "context": null,
              "code": "try{\n  await api.get(\"/current.json\", { q : \"firebase\"});\n  throw new Error(errorMessages.randomTextQ)\n} catch(error) {\n    expect(error.response.status).to.equal(400);\n    expect(error.response.data).to.have.property(\"error\");\n    expect(error.response.data.error.code).to.equal(1006);\n}",
              "err": {},
              "uuid": "4addbb5a-486c-4495-bbaf-9b7db1784354",
              "parentUUID": "371f705f-0ef1-4f91-9b57-b26736527279",
              "isHook": false,
              "skipped": false
            }
          ],
          "suites": [],
          "passes": [
            "10d59a31-5518-4fe6-970e-cf8a27c5e6fd",
            "44477757-45be-4790-afa8-75e5cf2389f3",
            "d196d53f-9d48-4e35-a6b6-ebbbf63c2f84",
            "ca39eaf0-3261-4856-93ee-2f268779a82f",
            "50799c1a-9a6b-41f3-8851-0626507ee670",
            "4addbb5a-486c-4495-bbaf-9b7db1784354"
          ],
          "failures": [],
          "pending": [],
          "skipped": [],
          "duration": 1234,
          "root": false,
          "rootEmpty": false,
          "_timeout": 2000
        }
      ],
      "passes": [],
      "failures": [],
      "pending": [],
      "skipped": [],
      "duration": 0,
      "root": true,
      "rootEmpty": true,
      "_timeout": 2000
    }
  ],
  "meta": {
    "mocha": {
      "version": "11.7.5"
    },
    "mochawesome": {
      "options": {
        "quiet": false,
        "reportFilename": "mochawesome",
        "saveHtml": true,
        "saveJson": true,
        "consoleReporter": "spec",
        "useInlineDiffs": false,
        "code": true
      },
      "version": "7.1.4"
    },
    "marge": {
      "options": null,
      "version": "6.3.2"
    }
  }
}